# JRE version: Java(TM) SE Runtime Environment (17.0.12+8) (build 17.0.12+8-LTS-286)
# Java VM: Java HotSpot(TM) 64-Bit Server VM (17.0.12+8-LTS-286, mixed mode, sharing, tiered, compressed oops, compressed class ptrs, g1 gc, windows-amd64)
GC Precious Log:
 CPUs: 16 total, 16 available
 Memory: 13861M
 Large Page Support: Disabled
 NUMA Support: Disabled
 Compressed Oops: Enabled (Zero based)
 Heap Region Size: 2M
 Heap Min Capacity: 8M
 Heap Initial Capacity: 218M
 Heap Max Capacity: 3466M
 Pre-touch: Disabled
 Parallel Workers: 13
 Concurrent Workers: 3
 Concurrent Refinement Workers: 13
 Periodic GC: Disabled
Heap:
 garbage-first heap   total 55296K, used 41398K [0x0000000727600000, 0x0000000800000000)
  region size 2048K, 11 young (22528K), 0 survivors (0K)
 Metaspace       used 45199K, committed 45760K, reserved 1114112K
  class space    used 5592K, committed 5888K, reserved 1048576K
GC Heap History (20 events):
Event: 4.871 GC heap before
{Heap before GC invocations=8 (full 0):
 garbage-first heap   total 55296K, used 33925K [0x0000000727600000, 0x0000000800000000)
  region size 2048K, 9 young (18432K), 2 survivors (4096K)
 Metaspace       used 35504K, committed 35968K, reserved 1114112K
  class space    used 4569K, committed 4800K, reserved 1048576K
}
Event: 4.874 GC heap after
{Heap after GC invocations=9 (full 0):
 garbage-first heap   total 55296K, used 22641K [0x0000000727600000, 0x0000000800000000)
  region size 2048K, 2 young (4096K), 2 survivors (4096K)
 Metaspace       used 35504K, committed 35968K, reserved 1114112K
  class space    used 4569K, committed 4800K, reserved 1048576K
}
Event: 5.221 GC heap before
{Heap before GC invocations=10 (full 0):
 garbage-first heap   total 55296K, used 39025K [0x0000000727600000, 0x0000000800000000)
  region size 2048K, 10 young (20480K), 2 survivors (4096K)
 Metaspace       used 38907K, committed 39424K, reserved 1114112K
  class space    used 5044K, committed 5312K, reserved 1048576K
}
Event: 5.224 GC heap after
{Heap after GC invocations=11 (full 0):
 garbage-first heap   total 55296K, used 24850K [0x0000000727600000, 0x0000000800000000)
  region size 2048K, 2 young (4096K), 2 survivors (4096K)
 Metaspace       used 38907K, committed 39424K, reserved 1114112K
  class space    used 5044K, committed 5312K, reserved 1048576K
}
Event: 5.283 GC heap before
{Heap before GC invocations=11 (full 0):
 garbage-first heap   total 55296K, used 26898K [0x0000000727600000, 0x0000000800000000)
  region size 2048K, 3 young (6144K), 2 survivors (4096K)
 Metaspace       used 39319K, committed 39808K, reserved 1114112K
  class space    used 5105K, committed 5376K, reserved 1048576K
}
Event: 5.286 GC heap after
{Heap after GC invocations=12 (full 0):
 garbage-first heap   total 55296K, used 24969K [0x0000000727600000, 0x0000000800000000)
  region size 2048K, 1 young (2048K), 1 survivors (2048K)
 Metaspace       used 39319K, committed 39808K, reserved 1114112K
  class space    used 5105K, committed 5376K, reserved 1048576K
}
Event: 518.399 GC heap before
{Heap before GC invocations=12 (full 0):
 garbage-first heap   total 55296K, used 39305K [0x0000000727600000, 0x0000000800000000)
  region size 2048K, 8 young (16384K), 1 survivors (2048K)
 Metaspace       used 41798K, committed 42240K, reserved 1114112K
  class space    used 5386K, committed 5568K, reserved 1048576K
}
Event: 518.403 GC heap after
{Heap after GC invocations=13 (full 0):
 garbage-first heap   total 55296K, used 25622K [0x0000000727600000, 0x0000000800000000)
  region size 2048K, 1 young (2048K), 1 survivors (2048K)
 Metaspace       used 41798K, committed 42240K, reserved 1114112K
  class space    used 5386K, committed 5568K, reserved 1048576K
}
Event: 1507.021 GC heap before
{Heap before GC invocations=13 (full 0):
 garbage-first heap   total 55296K, used 42006K [0x0000000727600000, 0x0000000800000000)
  region size 2048K, 9 young (18432K), 1 survivors (2048K)
 Metaspace       used 42414K, committed 42944K, reserved 1114112K
  class space    used 5409K, committed 5696K, reserved 1048576K
}
Event: 1507.025 GC heap after
{Heap after GC invocations=14 (full 0):
 garbage-first heap   total 55296K, used 25792K [0x0000000727600000, 0x0000000800000000)
  region size 2048K, 1 young (2048K), 1 survivors (2048K)
 Metaspace       used 42414K, committed 42944K, reserved 1114112K
  class space    used 5409K, committed 5696K, reserved 1048576K
}
Event: 1837.407 GC heap before
{Heap before GC invocations=14 (full 0):
 garbage-first heap   total 55296K, used 40128K [0x0000000727600000, 0x0000000800000000)
  region size 2048K, 9 young (18432K), 1 survivors (2048K)
 Metaspace       used 44274K, committed 44800K, reserved 1114112K
  class space    used 5612K, committed 5888K, reserved 1048576K
}
Event: 1837.410 GC heap after
{Heap after GC invocations=15 (full 0):
 garbage-first heap   total 55296K, used 26518K [0x0000000727600000, 0x0000000800000000)
  region size 2048K, 2 young (4096K), 2 survivors (4096K)
 Metaspace       used 44274K, committed 44800K, reserved 1114112K
  class space    used 5612K, committed 5888K, reserved 1048576K
}
Event: 2565.393 GC heap before
{Heap before GC invocations=15 (full 0):
 garbage-first heap   total 55296K, used 40854K [0x0000000727600000, 0x0000000800000000)
  region size 2048K, 9 young (18432K), 2 survivors (4096K)
 Metaspace       used 44589K, committed 45120K, reserved 1114112K
  class space    used 5612K, committed 5888K, reserved 1048576K
}
Event: 2565.397 GC heap after
{Heap after GC invocations=16 (full 0):
 garbage-first heap   total 55296K, used 26696K [0x0000000727600000, 0x0000000800000000)
  region size 2048K, 2 young (4096K), 2 survivors (4096K)
 Metaspace       used 44589K, committed 45120K, reserved 1114112K
  class space    used 5612K, committed 5888K, reserved 1048576K
}
Event: 5253.232 GC heap before
{Heap before GC invocations=16 (full 0):
 garbage-first heap   total 55296K, used 43080K [0x0000000727600000, 0x0000000800000000)
  region size 2048K, 10 young (20480K), 2 survivors (4096K)
 Metaspace       used 44832K, committed 45376K, reserved 1114112K
  class space    used 5612K, committed 5888K, reserved 1048576K
}
Event: 5253.240 GC heap after
{Heap after GC invocations=17 (full 0):
 garbage-first heap   total 55296K, used 26417K [0x0000000727600000, 0x0000000800000000)
  region size 2048K, 1 young (2048K), 1 survivors (2048K)
 Metaspace       used 44832K, committed 45376K, reserved 1114112K
  class space    used 5612K, committed 5888K, reserved 1048576K
}
Event: 6274.158 GC heap before
{Heap before GC invocations=17 (full 0):
 garbage-first heap   total 55296K, used 42801K [0x0000000727600000, 0x0000000800000000)
  region size 2048K, 9 young (18432K), 1 survivors (2048K)
 Metaspace       used 45123K, committed 45696K, reserved 1114112K
  class space    used 5612K, committed 5888K, reserved 1048576K
}
Event: 6274.164 GC heap after
{Heap after GC invocations=18 (full 0):
 garbage-first heap   total 55296K, used 26646K [0x0000000727600000, 0x0000000800000000)
  region size 2048K, 2 young (4096K), 2 survivors (4096K)
 Metaspace       used 45123K, committed 45696K, reserved 1114112K
  class space    used 5612K, committed 5888K, reserved 1048576K
}
Event: 6315.356 GC heap before
{Heap before GC invocations=19 (full 0):
 garbage-first heap   total 55296K, used 28694K [0x0000000727600000, 0x0000000800000000)
  region size 2048K, 4 young (8192K), 2 survivors (4096K)
 Metaspace       used 45083K, committed 45696K, reserved 1114112K
  class space    used 5592K, committed 5888K, reserved 1048576K
}
Event: 6315.431 GC heap after
{Heap after GC invocations=20 (full 1):
 garbage-first heap   total 55296K, used 20918K [0x0000000727600000, 0x0000000800000000)
  region size 2048K, 0 young (0K), 0 survivors (0K)
 Metaspace       used 45061K, committed 45696K, reserved 1114112K
  class space    used 5587K, committed 5888K, reserved 1048576K
}

